<?xml version="1.0" encoding="UTF-8"?>
<!-- Generated by org.testng.reporters.JUnitXMLReporter -->
<testsuite hostname="DESKTOP-KQ29V9T" name="Test" tests="8" failures="0" timestamp="21 Jul 2022 17:12:03 GMT" time="0.099" errors="0">
  <testcase name="Demo" time="0.016" classname="tESTNG.day1"/>
  <testcase name="Sample" time="0.015" classname="tESTNG.day1"/>
  <testcase name="ApiLogin123" time="0.016" classname="tESTNG.day2"/>
  <testcase name="WebLogin" time="0.0" classname="tESTNG.day2"/>
  <testcase name="ApiLogin" time="0.0" classname="tESTNG.day2"/>
  <testcase name="ApiLogin456" time="0.0" classname="tESTNG.day2"/>
  <testcase name="ApiLogin789" time="0.016" classname="tESTNG.day2"/>
  <testcase name="MobileLogin" time="0.0" classname="tESTNG.day2"/>
</testsuite> <!-- Test -->
