<?xml version="1.0" encoding="UTF-8"?>
<testng-results skipped="0" failed="0" total="6" passed="6">
  <reporter-output>
  </reporter-output>
  <suite name="Default suite" duration-ms="88" started-at="2022-07-22T16:21:11Z" finished-at="2022-07-22T16:21:11Z">
    <groups>
    </groups>
    <test name="Default test" duration-ms="88" started-at="2022-07-22T16:21:11Z" finished-at="2022-07-22T16:21:11Z">
      <class name="tESTNG.day2">
        <test-method status="PASS" signature="ApiLogin()[pri:0, instance:tESTNG.day2@7921b0a2]" name="ApiLogin" duration-ms="22" started-at="2022-07-22T21:51:11Z" finished-at="2022-07-22T21:51:11Z">
          <reporter-output>
          </reporter-output>
        </test-method> <!-- ApiLogin -->
        <test-method status="PASS" signature="ApiLogin123()[pri:0, instance:tESTNG.day2@7921b0a2]" name="ApiLogin123" duration-ms="2" started-at="2022-07-22T21:51:11Z" finished-at="2022-07-22T21:51:11Z">
          <reporter-output>
          </reporter-output>
        </test-method> <!-- ApiLogin123 -->
        <test-method status="PASS" signature="ApiLogin456()[pri:0, instance:tESTNG.day2@7921b0a2]" name="ApiLogin456" duration-ms="2" started-at="2022-07-22T21:51:11Z" finished-at="2022-07-22T21:51:11Z">
          <reporter-output>
          </reporter-output>
        </test-method> <!-- ApiLogin456 -->
        <test-method status="PASS" signature="ApiLogin789()[pri:0, instance:tESTNG.day2@7921b0a2]" name="ApiLogin789" duration-ms="2" started-at="2022-07-22T21:51:11Z" finished-at="2022-07-22T21:51:11Z">
          <reporter-output>
          </reporter-output>
        </test-method> <!-- ApiLogin789 -->
        <test-method status="PASS" signature="MobileLogin()[pri:0, instance:tESTNG.day2@7921b0a2]" name="MobileLogin" duration-ms="2" started-at="2022-07-22T21:51:11Z" finished-at="2022-07-22T21:51:11Z">
          <reporter-output>
          </reporter-output>
        </test-method> <!-- MobileLogin -->
        <test-method status="PASS" signature="WebLogin()[pri:0, instance:tESTNG.day2@7921b0a2]" name="WebLogin" duration-ms="2" started-at="2022-07-22T21:51:11Z" finished-at="2022-07-22T21:51:11Z">
          <reporter-output>
          </reporter-output>
        </test-method> <!-- WebLogin -->
      </class> <!-- tESTNG.day2 -->
    </test> <!-- Default test -->
  </suite> <!-- Default suite -->
</testng-results>
